<?xml version="1.0" encoding="UTF-8"?>
<!-- Generated by org.testng.reporters.JUnitReportReporter -->
<testsuite skipped="0" hostname="9652374fd4ec" name="ZainsTest" tests="2" failures="0" timestamp="2018-09-23T21:28:42 UTC" time="3.701" errors="0">
  <testcase name="workingTest" time="0.029" classname="ZainsTest"/>
  <testcase name="zainsTest1" time="3.672" classname="ZainsTest"/>
</testsuite> <!-- ZainsTest -->
